<?xml version="1.0" encoding="utf-8"?><testsuites name="pytest tests"><testsuite name="pytest" errors="0" failures="0" skipped="0" tests="47" time="34.106" timestamp="2026-06-19T17:40:07.565152+00:00" hostname="agent-env-bc418109-d676-4b02-9a99-ac4d9bfdf301"><testcase classname="backend.tests.test_feedify_api.TestHealth" name="test_root" time="0.141" /><testcase classname="backend.tests.test_feedify_api.TestAuth" name="test_register_creates_user" time="0.274" /><testcase classname="backend.tests.test_feedify_api.TestAuth" name="test_register_duplicate_email_rejected" time="0.051" /><testcase classname="backend.tests.test_feedify_api.TestAuth" name="test_login_success" time="0.283" /><testcase classname="backend.tests.test_feedify_api.TestAuth" name="test_login_wrong_password" time="0.271" /><testcase classname="backend.tests.test_feedify_api.TestAuth" name="test_me_with_token" time="0.048" /><testcase classname="backend.tests.test_feedify_api.TestAuth" name="test_me_without_token" time="0.111" /><testcase classname="backend.tests.test_feedify_api.TestBrandProfile" name="test_create_brand_profile_then_get" time="0.136" /><testcase classname="backend.tests.test_feedify_api.TestBrandProfile" name="test_brand_profile_upsert_updates" time="0.117" /><testcase classname="backend.tests.test_feedify_api.TestBrandProfile" name="test_me_has_brand_profile_true_after_create" time="0.053" /><testcase classname="backend.tests.test_feedify_api.TestBrandProfile" name="test_brand_profile_requires_auth" time="0.133" /><testcase classname="backend.tests.test_feedify_api.TestPhotoAnalyze" name="test_analyze_photo_returns_structured_json" time="6.530" /><testcase classname="backend.tests.test_feedify_api.TestPhotoAnalyze" name="test_analyze_photo_requires_auth" time="0.139" /><testcase classname="backend.tests.test_feedify_api.TestBannerPrompt" name="test_generate_banner_returns_prompt_structure" time="0.051" /><testcase classname="backend.tests.test_feedify_api.TestBannerPrompt" name="test_banner_saved_in_history" time="0.049" /><testcase classname="backend.tests.test_feedify_api.TestCarouselPrompt" name="test_generate_carousel_5_slides" time="0.048" /><testcase classname="backend.tests.test_feedify_api.TestCarouselPrompt" name="test_generate_carousel_invalid_count_returns_400[2]" time="0.055" /><testcase classname="backend.tests.test_feedify_api.TestCarouselPrompt" name="test_generate_carousel_invalid_count_returns_400[8]" time="0.057" /><testcase classname="backend.tests.test_feedify_api.TestCopywriting" name="test_generate_copywriting" time="8.816" /><testcase classname="backend.tests.test_feedify_api.TestHistoryAndStats" name="test_list_prompts_user_scoped" time="0.050" /><testcase classname="backend.tests.test_feedify_api.TestHistoryAndStats" name="test_list_prompts_filter_by_type" time="0.050" /><testcase classname="backend.tests.test_feedify_api.TestHistoryAndStats" name="test_stats_returns_counts" time="0.049" /><testcase classname="backend.tests.test_feedify_api.TestHistoryAndStats" name="test_delete_prompt" time="0.148" /><testcase classname="backend.tests.test_feedify_api.TestHistoryAndStats" name="test_prompts_requires_auth" time="0.125" /><testcase classname="backend.tests.test_feedify_api.TestHistoryAndStats" name="test_stats_requires_auth" time="0.094" /><testcase classname="backend.tests.test_feedify_api.TestUserIsolation" name="test_other_user_cannot_see_prompts" time="0.373" /><testcase classname="backend.tests.test_feedify_iter2.TestFoodMenu" name="test_generate_food_menu_returns_structure_and_saves" time="0.048" /><testcase classname="backend.tests.test_feedify_iter2.TestFoodMenu" name="test_food_menu_saved_in_history" time="0.049" /><testcase classname="backend.tests.test_feedify_iter2.TestFoodMenu" name="test_food_menu_requires_auth" time="0.097" /><testcase classname="backend.tests.test_feedify_iter2.TestStatsFoodMenu" name="test_stats_includes_food_menu_count" time="0.049" /><testcase classname="backend.tests.test_feedify_iter2.TestConsistencyChecker" name="test_consistency_check_without_brand_profile_returns_400" time="0.334" /><testcase classname="backend.tests.test_feedify_iter2.TestConsistencyChecker" name="test_consistency_check_with_brand_returns_scores" time="13.506" /><testcase classname="backend.tests.test_feedify_iter2.TestConsistencyChecker" name="test_consistency_requires_auth" time="0.262" /><testcase classname="backend.tests.test_feedify_iter2.TestGridPlanner" name="test_grid_planner_initially_null" time="0.333" /><testcase classname="backend.tests.test_feedify_iter2.TestGridPlanner" name="test_grid_planner_save_9_slots" time="0.050" /><testcase classname="backend.tests.test_feedify_iter2.TestGridPlanner" name="test_grid_planner_upsert_no_duplicates" time="0.101" /><testcase classname="backend.tests.test_feedify_iter2.TestGridPlanner" name="test_grid_planner_max_9_slots" time="0.049" /><testcase classname="backend.tests.test_feedify_iter2.TestGridPlanner" name="test_grid_planner_requires_auth" time="0.195" /><testcase classname="backend.tests.test_feedify_iter2.TestCalendar" name="test_create_event" time="0.067" /><testcase classname="backend.tests.test_feedify_iter2.TestCalendar" name="test_create_second_event_different_month" time="0.054" /><testcase classname="backend.tests.test_feedify_iter2.TestCalendar" name="test_list_calendar_returns_all" time="0.049" /><testcase classname="backend.tests.test_feedify_iter2.TestCalendar" name="test_list_calendar_month_filter" time="0.052" /><testcase classname="backend.tests.test_feedify_iter2.TestCalendar" name="test_update_event" time="0.046" /><testcase classname="backend.tests.test_feedify_iter2.TestCalendar" name="test_update_nonexistent_returns_404" time="0.053" /><testcase classname="backend.tests.test_feedify_iter2.TestCalendar" name="test_delete_event" time="0.128" /><testcase classname="backend.tests.test_feedify_iter2.TestCalendar" name="test_delete_nonexistent_returns_404" time="0.074" /><testcase classname="backend.tests.test_feedify_iter2.TestCalendar" name="test_calendar_requires_auth" time="0.214" /></testsuite></testsuites>