<?xml version="1.0" encoding="utf-8"?><testsuites name="pytest tests"><testsuite name="pytest" errors="0" failures="1" skipped="0" tests="21" time="5.474" timestamp="2026-06-19T17:39:27.477240+00:00" hostname="agent-env-bc418109-d676-4b02-9a99-ac4d9bfdf301"><testcase classname="backend.tests.test_feedify_iter2.TestFoodMenu" name="test_generate_food_menu_returns_structure_and_saves" time="0.536" /><testcase classname="backend.tests.test_feedify_iter2.TestFoodMenu" name="test_food_menu_saved_in_history" time="0.044" /><testcase classname="backend.tests.test_feedify_iter2.TestFoodMenu" name="test_food_menu_requires_auth" time="0.128" /><testcase classname="backend.tests.test_feedify_iter2.TestStatsFoodMenu" name="test_stats_includes_food_menu_count" time="0.056" /><testcase classname="backend.tests.test_feedify_iter2.TestConsistencyChecker" name="test_consistency_check_without_brand_profile_returns_400" time="2.869" /><testcase classname="backend.tests.test_feedify_iter2.TestConsistencyChecker" name="test_consistency_check_with_brand_returns_scores" time="0.058"><failure message="AssertionError: 400 {&quot;detail&quot;:&quot;Brand profile belum dibuat&quot;}&#10;assert 400 == 200&#10; +  where 400 = &lt;Response [400]&gt;.status_code">backend/tests/test_feedify_iter2.py:100: in test_consistency_check_with_brand_returns_scores
    assert r.status_code == 200, f"{r.status_code} {r.text[:500]}"
E   AssertionError: 400 {"detail":"Brand profile belum dibuat"}
E   assert 400 == 200
E    +  where 400 = &lt;Response [400]&gt;.status_code</failure></testcase><testcase classname="backend.tests.test_feedify_iter2.TestConsistencyChecker" name="test_consistency_requires_auth" time="0.146" /><testcase classname="backend.tests.test_feedify_iter2.TestGridPlanner" name="test_grid_planner_initially_null" time="0.312" /><testcase classname="backend.tests.test_feedify_iter2.TestGridPlanner" name="test_grid_planner_save_9_slots" time="0.071" /><testcase classname="backend.tests.test_feedify_iter2.TestGridPlanner" name="test_grid_planner_upsert_no_duplicates" time="0.108" /><testcase classname="backend.tests.test_feedify_iter2.TestGridPlanner" name="test_grid_planner_max_9_slots" time="0.045" /><testcase classname="backend.tests.test_feedify_iter2.TestGridPlanner" name="test_grid_planner_requires_auth" time="0.298" /><testcase classname="backend.tests.test_feedify_iter2.TestCalendar" name="test_create_event" time="0.068" /><testcase classname="backend.tests.test_feedify_iter2.TestCalendar" name="test_create_second_event_different_month" time="0.043" /><testcase classname="backend.tests.test_feedify_iter2.TestCalendar" name="test_list_calendar_returns_all" time="0.046" /><testcase classname="backend.tests.test_feedify_iter2.TestCalendar" name="test_list_calendar_month_filter" time="0.083" /><testcase classname="backend.tests.test_feedify_iter2.TestCalendar" name="test_update_event" time="0.052" /><testcase classname="backend.tests.test_feedify_iter2.TestCalendar" name="test_update_nonexistent_returns_404" time="0.046" /><testcase classname="backend.tests.test_feedify_iter2.TestCalendar" name="test_delete_event" time="0.098" /><testcase classname="backend.tests.test_feedify_iter2.TestCalendar" name="test_delete_nonexistent_returns_404" time="0.044" /><testcase classname="backend.tests.test_feedify_iter2.TestCalendar" name="test_calendar_requires_auth" time="0.251" /></testsuite></testsuites>