<?xml version="1.0" encoding="utf-8"?><testsuites name="pytest tests"><testsuite name="pytest" errors="0" failures="0" skipped="0" tests="26" time="22.530" timestamp="2026-06-19T17:26:05.095678+00:00" hostname="agent-env-bc418109-d676-4b02-9a99-ac4d9bfdf301"><testcase classname="backend.tests.test_feedify_api.TestHealth" name="test_root" time="0.172" /><testcase classname="backend.tests.test_feedify_api.TestAuth" name="test_register_creates_user" time="0.299" /><testcase classname="backend.tests.test_feedify_api.TestAuth" name="test_register_duplicate_email_rejected" time="0.044" /><testcase classname="backend.tests.test_feedify_api.TestAuth" name="test_login_success" time="0.268" /><testcase classname="backend.tests.test_feedify_api.TestAuth" name="test_login_wrong_password" time="0.267" /><testcase classname="backend.tests.test_feedify_api.TestAuth" name="test_me_with_token" time="0.044" /><testcase classname="backend.tests.test_feedify_api.TestAuth" name="test_me_without_token" time="0.149" /><testcase classname="backend.tests.test_feedify_api.TestBrandProfile" name="test_create_brand_profile_then_get" time="0.126" /><testcase classname="backend.tests.test_feedify_api.TestBrandProfile" name="test_brand_profile_upsert_updates" time="0.128" /><testcase classname="backend.tests.test_feedify_api.TestBrandProfile" name="test_me_has_brand_profile_true_after_create" time="0.043" /><testcase classname="backend.tests.test_feedify_api.TestBrandProfile" name="test_brand_profile_requires_auth" time="0.173" /><testcase classname="backend.tests.test_feedify_api.TestPhotoAnalyze" name="test_analyze_photo_returns_structured_json" time="9.601" /><testcase classname="backend.tests.test_feedify_api.TestPhotoAnalyze" name="test_analyze_photo_requires_auth" time="0.166" /><testcase classname="backend.tests.test_feedify_api.TestBannerPrompt" name="test_generate_banner_returns_prompt_structure" time="0.072" /><testcase classname="backend.tests.test_feedify_api.TestBannerPrompt" name="test_banner_saved_in_history" time="0.045" /><testcase classname="backend.tests.test_feedify_api.TestCarouselPrompt" name="test_generate_carousel_5_slides" time="0.047" /><testcase classname="backend.tests.test_feedify_api.TestCarouselPrompt" name="test_generate_carousel_invalid_count_returns_400[2]" time="0.051" /><testcase classname="backend.tests.test_feedify_api.TestCarouselPrompt" name="test_generate_carousel_invalid_count_returns_400[8]" time="0.046" /><testcase classname="backend.tests.test_feedify_api.TestCopywriting" name="test_generate_copywriting" time="9.820" /><testcase classname="backend.tests.test_feedify_api.TestHistoryAndStats" name="test_list_prompts_user_scoped" time="0.047" /><testcase classname="backend.tests.test_feedify_api.TestHistoryAndStats" name="test_list_prompts_filter_by_type" time="0.044" /><testcase classname="backend.tests.test_feedify_api.TestHistoryAndStats" name="test_stats_returns_counts" time="0.047" /><testcase classname="backend.tests.test_feedify_api.TestHistoryAndStats" name="test_delete_prompt" time="0.139" /><testcase classname="backend.tests.test_feedify_api.TestHistoryAndStats" name="test_prompts_requires_auth" time="0.170" /><testcase classname="backend.tests.test_feedify_api.TestHistoryAndStats" name="test_stats_requires_auth" time="0.098" /><testcase classname="backend.tests.test_feedify_api.TestUserIsolation" name="test_other_user_cannot_see_prompts" time="0.357" /></testsuite></testsuites>